<?xml version="1.0" encoding="UTF-8"?>
<Site BuildName="(empty)"
	BuildStamp="20241214-0502-Experimental"
	Name="fractal"
	Generator="ctest-3.23.0"
	CompilerName="/usr/bin/g++"
	CompilerVersion="9.4.0"
	OSName="Linux"
	Hostname="fractal"
	OSRelease="5.15.0-125-generic"
	OSVersion="#135~20.04.1-Ubuntu SMP Mon Oct 7 13:56:22 UTC 2024"
	OSPlatform="x86_64"
	Is64Bits="1"
	VendorString="GenuineIntel"
	VendorID="Intel Corporation"
	FamilyID="6"
	ModelID="183"
	ProcessorCacheSize="36864"
	NumberOfLogicalCPU="32"
	NumberOfPhysicalCPU="24"
	TotalVirtualMemory="0"
	TotalPhysicalMemory="63949"
	LogicalProcessorsPerPhysical="1"
	ProcessorClockFrequency="2400"
	>
	<Testing>
		<StartDateTime>Dec 14 19:57 CST</StartDateTime>
		<StartTestTime>1734177443</StartTestTime>
		<TestList/>
		<EndDateTime>Dec 14 19:57 CST</EndDateTime>
		<EndTestTime>1734177443</EndTestTime>
		<ElapsedMinutes>0</ElapsedMinutes>
	</Testing>
</Site>
