<?xml version="1.0" encoding="UTF-8"?>
<Site BuildName="(empty)"
	BuildStamp="20240320-1432-Experimental"
	Name="fractal"
	Generator="ctest-3.23.0"
	CompilerName="/usr/bin/g++"
	CompilerVersion="9.4.0"
	OSName="Linux"
	Hostname="fractal"
	OSRelease="5.15.0-100-generic"
	OSVersion="#110~20.04.1-Ubuntu SMP Tue Feb 13 14:25:03 UTC 2024"
	OSPlatform="x86_64"
	Is64Bits="1"
	VendorString="GenuineIntel"
	VendorID="Intel Corporation"
	FamilyID="6"
	ModelID="183"
	ProcessorCacheSize="36864"
	NumberOfLogicalCPU="32"
	NumberOfPhysicalCPU="24"
	TotalVirtualMemory="2047"
	TotalPhysicalMemory="63909"
	LogicalProcessorsPerPhysical="1"
	ProcessorClockFrequency="3251.83"
	>
	<Testing>
		<StartDateTime>Mar 21 03:09 CST</StartDateTime>
		<StartTestTime>1710961747</StartTestTime>
		<TestList/>
		<EndDateTime>Mar 21 03:09 CST</EndDateTime>
		<EndTestTime>1710961747</EndTestTime>
		<ElapsedMinutes>0</ElapsedMinutes>
	</Testing>
</Site>
